 2025-08-02 00:18:54 - Host: b24.amiiya.ru - LOW_PRIORITY_ERROR - [ErrorException] E_WARNING
Constant BX_CRONTAB_SUPPORT already defined (0)
/home/g/glouder/eklektikab24/public_html/bitrix/php_interface/dbconn.php:1
#0: define(string, boolean)
	/home/g/glouder/eklektikab24/public_html/bitrix/php_interface/dbconn.php:1
#1: require_once(string)
	/home/g/glouder/eklektikab24/public_html/bitrix/modules/main/start.php:38
#2: require_once(string)
	/home/g/glouder/eklektikab24/public_html/bitrix/modules/main/include.php:14
#3: require_once(string)
	/home/g/glouder/eklektikab24/public_html/bitrix/modules/main/include/prolog_before.php:19
#4: require(string)
	/home/g/glouder/eklektikab24/public_html/local/classes/site_requests_handler.php:10
----------

2025-08-02 00:18:54 - Host: b24.amiiya.ru - LOW_PRIORITY_ERROR - [ErrorException] E_WARNING
Constant BX_CRONTAB_SUPPORT already defined (0)
/home/g/glouder/eklektikab24/public_html/bitrix/php_interface/dbconn.php:1
#0: define(string, boolean)
	/home/g/glouder/eklektikab24/public_html/bitrix/php_interface/dbconn.php:1
#1: require_once(string)
	/home/g/glouder/eklektikab24/public_html/bitrix/modules/main/start.php:38
#2: require_once(string)
	/home/g/glouder/eklektikab24/public_html/bitrix/modules/main/include.php:14
#3: require_once(string)
	/home/g/glouder/eklektikab24/public_html/bitrix/modules/main/include/prolog_before.php:19
#4: require(string)
	/home/g/glouder/eklektikab24/public_html/local/classes/site_requests_handler.php:10
----------

2025-08-02 00:18:54 - Host: b24.amiiya.ru - LOW_PRIORITY_ERROR - [ErrorException] E_WARNING
Constant BX_CRONTAB_SUPPORT already defined (0)
/home/g/glouder/eklektikab24/public_html/bitrix/php_interface/dbconn.php:1
#0: define(string, boolean)
	/home/g/glouder/eklektikab24/public_html/bitrix/php_interface/dbconn.php:1
#1: require_once(string)
	/home/g/glouder/eklektikab24/public_html/bitrix/modules/main/start.php:38
#2: require_once(string)
	/home/g/glouder/eklektikab24/public_html/bitrix/modules/main/include.php:14
#3: require_once(string)
	/home/g/glouder/eklektikab24/public_html/bitrix/modules/main/include/prolog_before.php:19
#4: require(string)
	/home/g/glouder/eklektikab24/public_html/local/classes/site_requests_handler.php:10
----------

2025-08-02 00:18:54 - Host: b24.amiiya.ru - LOW_PRIORITY_ERROR - [ErrorException] E_WARNING
Constant DBPersistent already defined (0)
/home/g/glouder/eklektikab24/public_html/bitrix/php_interface/dbconn.php:4
#0: define(string, boolean)
	/home/g/glouder/eklektikab24/public_html/bitrix/php_interface/dbconn.php:4
#1: require_once(string)
	/home/g/glouder/eklektikab24/public_html/bitrix/modules/main/start.php:38
#2: require_once(string)
	/home/g/glouder/eklektikab24/public_html/bitrix/modules/main/include.php:14
#3: require_once(string)
	/home/g/glouder/eklektikab24/public_html/bitrix/modules/main/include/prolog_before.php:19
#4: require(string)
	/home/g/glouder/eklektikab24/public_html/local/classes/site_requests_handler.php:10
----------

2025-08-02 00:18:54 - Host: b24.amiiya.ru - LOW_PRIORITY_ERROR - [ErrorException] E_WARNING
String offset cast occurred (0)
/home/g/glouder/eklektikab24/public_html/bitrix/modules/main/include.php:116
#0: require_once(string)
	/home/g/glouder/eklektikab24/public_html/bitrix/modules/main/include/prolog_before.php:19
#1: require(string)
	/home/g/glouder/eklektikab24/public_html/local/classes/site_requests_handler.php:10
----------

2025-08-02 00:18:54 - Host: b24.amiiya.ru - LOW_PRIORITY_ERROR - [ErrorException] E_WARNING
String offset cast occurred (0)
/home/g/glouder/eklektikab24/public_html/bitrix/modules/main/include.php:116
#0: require_once(string)
	/home/g/glouder/eklektikab24/public_html/bitrix/modules/main/include/prolog_before.php:19
#1: require(string)
	/home/g/glouder/eklektikab24/public_html/local/classes/site_requests_handler.php:10
----------

2025-08-02 00:18:54 - Host: b24.amiiya.ru - LOW_PRIORITY_ERROR - [ErrorException] E_WARNING
String offset cast occurred (0)
/home/g/glouder/eklektikab24/public_html/bitrix/modules/main/include.php:116
#0: require_once(string)
	/home/g/glouder/eklektikab24/public_html/bitrix/modules/main/include/prolog_before.php:19
#1: require(string)
	/home/g/glouder/eklektikab24/public_html/local/classes/site_requests_handler.php:10
----------

2025-08-02 00:18:54 - Host: b24.amiiya.ru - LOW_PRIORITY_ERROR - [ErrorException] E_WARNING
String offset cast occurred (0)
/home/g/glouder/eklektikab24/public_html/bitrix/modules/main/include.php:116
#0: require_once(string)
	/home/g/glouder/eklektikab24/public_html/bitrix/modules/main/include/prolog_before.php:19
#1: require(string)
	/home/g/glouder/eklektikab24/public_html/local/classes/site_requests_handler.php:10
----------

2025-08-02 00:18:54 - Host: b24.amiiya.ru - LOW_PRIORITY_ERROR - [ErrorException] E_WARNING
String offset cast occurred (0)
/home/g/glouder/eklektikab24/public_html/bitrix/modules/main/include.php:116
#0: require_once(string)
	/home/g/glouder/eklektikab24/public_html/bitrix/modules/main/include/prolog_before.php:19
#1: require(string)
	/home/g/glouder/eklektikab24/public_html/local/classes/site_requests_handler.php:10
----------

2025-08-02 00:18:54 - Host: b24.amiiya.ru - LOW_PRIORITY_ERROR - [ErrorException] E_WARNING
String offset cast occurred (0)
/home/g/glouder/eklektikab24/public_html/bitrix/modules/main/include.php:116
#0: require_once(string)
	/home/g/glouder/eklektikab24/public_html/bitrix/modules/main/include/prolog_before.php:19
#1: require(string)
	/home/g/glouder/eklektikab24/public_html/local/classes/site_requests_handler.php:10
----------

2025-08-02 00:18:54 - Host: b24.amiiya.ru - LOW_PRIORITY_ERROR - [ErrorException] E_WARNING
String offset cast occurred (0)
/home/g/glouder/eklektikab24/public_html/bitrix/modules/main/include.php:116
#0: require_once(string)
	/home/g/glouder/eklektikab24/public_html/bitrix/modules/main/include/prolog_before.php:19
#1: require(string)
	/home/g/glouder/eklektikab24/public_html/local/classes/site_requests_handler.php:10
----------

2025-08-02 00:18:54 - Host: b24.amiiya.ru - LOW_PRIORITY_ERROR - [ErrorException] E_WARNING
String offset cast occurred (0)
/home/g/glouder/eklektikab24/public_html/bitrix/modules/main/include.php:116
#0: require_once(string)
	/home/g/glouder/eklektikab24/public_html/bitrix/modules/main/include/prolog_before.php:19
#1: require(string)
	/home/g/glouder/eklektikab24/public_html/local/classes/site_requests_handler.php:10
----------

2025-08-02 00:18:54 - Host: b24.amiiya.ru - LOW_PRIORITY_ERROR - [ErrorException] E_WARNING
String offset cast occurred (0)
/home/g/glouder/eklektikab24/public_html/bitrix/modules/main/include.php:116
#0: require_once(string)
	/home/g/glouder/eklektikab24/public_html/bitrix/modules/main/include/prolog_before.php:19
#1: require(string)
	/home/g/glouder/eklektikab24/public_html/local/classes/site_requests_handler.php:10
----------

2025-08-02 00:18:54 - Host: b24.amiiya.ru - LOW_PRIORITY_ERROR - [ErrorException] E_WARNING
String offset cast occurred (0)
/home/g/glouder/eklektikab24/public_html/bitrix/modules/main/include.php:116
#0: require_once(string)
	/home/g/glouder/eklektikab24/public_html/bitrix/modules/main/include/prolog_before.php:19
#1: require(string)
	/home/g/glouder/eklektikab24/public_html/local/classes/site_requests_handler.php:10
----------

2025-08-02 00:18:54 - Host: b24.amiiya.ru - LOW_PRIORITY_ERROR - [ErrorException] E_WARNING
String offset cast occurred (0)
/home/g/glouder/eklektikab24/public_html/bitrix/modules/main/include.php:116
#0: require_once(string)
	/home/g/glouder/eklektikab24/public_html/bitrix/modules/main/include/prolog_before.php:19
#1: require(string)
	/home/g/glouder/eklektikab24/public_html/local/classes/site_requests_handler.php:10
----------

2025-08-02 00:18:54 - Host: b24.amiiya.ru - LOW_PRIORITY_ERROR - [ErrorException] E_WARNING
String offset cast occurred (0)
/home/g/glouder/eklektikab24/public_html/bitrix/modules/main/include.php:116
#0: require_once(string)
	/home/g/glouder/eklektikab24/public_html/bitrix/modules/main/include/prolog_before.php:19
#1: require(string)
	/home/g/glouder/eklektikab24/public_html/local/classes/site_requests_handler.php:10
----------

2025-08-02 00:18:54 - Host: b24.amiiya.ru - LOW_PRIORITY_ERROR - [ErrorException] E_WARNING
String offset cast occurred (0)
/home/g/glouder/eklektikab24/public_html/bitrix/modules/main/include.php:116
#0: require_once(string)
	/home/g/glouder/eklektikab24/public_html/bitrix/modules/main/include/prolog_before.php:19
#1: require(string)
	/home/g/glouder/eklektikab24/public_html/local/classes/site_requests_handler.php:10
----------

2025-08-02 00:18:54 - Host: b24.amiiya.ru - LOW_PRIORITY_ERROR - [ErrorException] E_WARNING
String offset cast occurred (0)
/home/g/glouder/eklektikab24/public_html/bitrix/modules/main/include.php:116
#0: require_once(string)
	/home/g/glouder/eklektikab24/public_html/bitrix/modules/main/include/prolog_before.php:19
#1: require(string)
	/home/g/glouder/eklektikab24/public_html/local/classes/site_requests_handler.php:10
----------

2025-08-02 00:18:54 - Host: b24.amiiya.ru - LOW_PRIORITY_ERROR - [ErrorException] E_WARNING
String offset cast occurred (0)
/home/g/glouder/eklektikab24/public_html/bitrix/modules/main/include.php:116
#0: require_once(string)
	/home/g/glouder/eklektikab24/public_html/bitrix/modules/main/include/prolog_before.php:19
#1: require(string)
	/home/g/glouder/eklektikab24/public_html/local/classes/site_requests_handler.php:10
----------

2025-08-02 00:18:54 - Host: b24.amiiya.ru - LOW_PRIORITY_ERROR - [ErrorException] E_WARNING
String offset cast occurred (0)
/home/g/glouder/eklektikab24/public_html/bitrix/modules/main/include.php:116
#0: require_once(string)
	/home/g/glouder/eklektikab24/public_html/bitrix/modules/main/include/prolog_before.php:19
#1: require(string)
	/home/g/glouder/eklektikab24/public_html/local/classes/site_requests_handler.php:10
----------

2025-08-02 00:18:54 - Host: b24.amiiya.ru - LOW_PRIORITY_ERROR - [ErrorException] E_WARNING
String offset cast occurred (0)
/home/g/glouder/eklektikab24/public_html/bitrix/modules/main/include.php:116
#0: require_once(string)
	/home/g/glouder/eklektikab24/public_html/bitrix/modules/main/include/prolog_before.php:19
#1: require(string)
	/home/g/glouder/eklektikab24/public_html/local/classes/site_requests_handler.php:10
----------

2025-08-02 00:18:54 - Host: b24.amiiya.ru - LOW_PRIORITY_ERROR - [ErrorException] E_WARNING
String offset cast occurred (0)
/home/g/glouder/eklektikab24/public_html/bitrix/modules/main/include.php:116
#0: require_once(string)
	/home/g/glouder/eklektikab24/public_html/bitrix/modules/main/include/prolog_before.php:19
#1: require(string)
	/home/g/glouder/eklektikab24/public_html/local/classes/site_requests_handler.php:10
----------

2025-08-02 00:18:54 - Host: b24.amiiya.ru - LOW_PRIORITY_ERROR - [ErrorException] E_WARNING
String offset cast occurred (0)
/home/g/glouder/eklektikab24/public_html/bitrix/modules/main/include.php:116
#0: require_once(string)
	/home/g/glouder/eklektikab24/public_html/bitrix/modules/main/include/prolog_before.php:19
#1: require(string)
	/home/g/glouder/eklektikab24/public_html/local/classes/site_requests_handler.php:10
----------

2025-08-02 00:18:54 - Host: b24.amiiya.ru - LOW_PRIORITY_ERROR - [ErrorException] E_WARNING
String offset cast occurred (0)
/home/g/glouder/eklektikab24/public_html/bitrix/modules/main/include.php:116
#0: require_once(string)
	/home/g/glouder/eklektikab24/public_html/bitrix/modules/main/include/prolog_before.php:19
#1: require(string)
	/home/g/glouder/eklektikab24/public_html/local/classes/site_requests_handler.php:10
----------

2025-08-02 00:18:54 - Host: b24.amiiya.ru - LOW_PRIORITY_ERROR - [ErrorException] E_WARNING
String offset cast occurred (0)
/home/g/glouder/eklektikab24/public_html/bitrix/modules/main/include.php:116
#0: require_once(string)
	/home/g/glouder/eklektikab24/public_html/bitrix/modules/main/include/prolog_before.php:19
#1: require(string)
	/home/g/glouder/eklektikab24/public_html/local/classes/site_requests_handler.php:10
----------

2025-08-02 00:18:54 - Host: b24.amiiya.ru - LOW_PRIORITY_ERROR - [ErrorException] E_WARNING
String offset cast occurred (0)
/home/g/glouder/eklektikab24/public_html/bitrix/modules/main/include.php:116
#0: require_once(string)
	/home/g/glouder/eklektikab24/public_html/bitrix/modules/main/include/prolog_before.php:19
#1: require(string)
	/home/g/glouder/eklektikab24/public_html/local/classes/site_requests_handler.php:10
----------

2025-08-02 00:18:54 - Host: b24.amiiya.ru - LOW_PRIORITY_ERROR - [ErrorException] E_WARNING
String offset cast occurred (0)
/home/g/glouder/eklektikab24/public_html/bitrix/modules/main/include.php:116
#0: require_once(string)
	/home/g/glouder/eklektikab24/public_html/bitrix/modules/main/include/prolog_before.php:19
#1: require(string)
	/home/g/glouder/eklektikab24/public_html/local/classes/site_requests_handler.php:10
----------

2025-08-02 00:18:54 - Host: b24.amiiya.ru - LOW_PRIORITY_ERROR - [ErrorException] E_WARNING
String offset cast occurred (0)
/home/g/glouder/eklektikab24/public_html/bitrix/modules/main/include.php:116
#0: require_once(string)
	/home/g/glouder/eklektikab24/public_html/bitrix/modules/main/include/prolog_before.php:19
#1: require(string)
	/home/g/glouder/eklektikab24/public_html/local/classes/site_requests_handler.php:10
----------

2025-08-02 00:18:54 - Host: b24.amiiya.ru - LOW_PRIORITY_ERROR - [ErrorException] E_WARNING
String offset cast occurred (0)
/home/g/glouder/eklektikab24/public_html/bitrix/modules/main/include.php:116
#0: require_once(string)
	/home/g/glouder/eklektikab24/public_html/bitrix/modules/main/include/prolog_before.php:19
#1: require(string)
	/home/g/glouder/eklektikab24/public_html/local/classes/site_requests_handler.php:10
----------

2025-08-02 00:18:54 - Host: b24.amiiya.ru - LOW_PRIORITY_ERROR - [ErrorException] E_WARNING
String offset cast occurred (0)
/home/g/glouder/eklektikab24/public_html/bitrix/modules/main/include.php:116
#0: require_once(string)
	/home/g/glouder/eklektikab24/public_html/bitrix/modules/main/include/prolog_before.php:19
#1: require(string)
	/home/g/glouder/eklektikab24/public_html/local/classes/site_requests_handler.php:10
----------

2025-08-02 00:18:54 - Host: b24.amiiya.ru - LOW_PRIORITY_ERROR - [ErrorException] E_WARNING
String offset cast occurred (0)
/home/g/glouder/eklektikab24/public_html/bitrix/modules/main/include.php:116
#0: require_once(string)
	/home/g/glouder/eklektikab24/public_html/bitrix/modules/main/include/prolog_before.php:19
#1: require(string)
	/home/g/glouder/eklektikab24/public_html/local/classes/site_requests_handler.php:10
----------

2025-08-02 00:18:54 - Host: b24.amiiya.ru - LOW_PRIORITY_ERROR - [ErrorException] E_WARNING
String offset cast occurred (0)
/home/g/glouder/eklektikab24/public_html/bitrix/modules/main/include.php:116
#0: require_once(string)
	/home/g/glouder/eklektikab24/public_html/bitrix/modules/main/include/prolog_before.php:19
#1: require(string)
	/home/g/glouder/eklektikab24/public_html/local/classes/site_requests_handler.php:10
----------

2025-08-02 00:18:54 - Host: b24.amiiya.ru - LOW_PRIORITY_ERROR - [ErrorException] E_WARNING
String offset cast occurred (0)
/home/g/glouder/eklektikab24/public_html/bitrix/modules/main/include.php:116
#0: require_once(string)
	/home/g/glouder/eklektikab24/public_html/bitrix/modules/main/include/prolog_before.php:19
#1: require(string)
	/home/g/glouder/eklektikab24/public_html/local/classes/site_requests_handler.php:10
----------

2025-08-02 00:18:54 - Host: b24.amiiya.ru - LOW_PRIORITY_ERROR - [ErrorException] E_WARNING
String offset cast occurred (0)
/home/g/glouder/eklektikab24/public_html/bitrix/modules/main/include.php:116
#0: require_once(string)
	/home/g/glouder/eklektikab24/public_html/bitrix/modules/main/include/prolog_before.php:19
#1: require(string)
	/home/g/glouder/eklektikab24/public_html/local/classes/site_requests_handler.php:10
----------

2025-08-02 00:18:54 - Host: b24.amiiya.ru - LOW_PRIORITY_ERROR - [ErrorException] E_WARNING
String offset cast occurred (0)
/home/g/glouder/eklektikab24/public_html/bitrix/modules/main/include.php:116
#0: require_once(string)
	/home/g/glouder/eklektikab24/public_html/bitrix/modules/main/include/prolog_before.php:19
#1: require(string)
	/home/g/glouder/eklektikab24/public_html/local/classes/site_requests_handler.php:10
----------

2025-08-02 00:18:54 - Host: b24.amiiya.ru - LOW_PRIORITY_ERROR - [ErrorException] E_WARNING
String offset cast occurred (0)
/home/g/glouder/eklektikab24/public_html/bitrix/modules/main/include.php:116
#0: require_once(string)
	/home/g/glouder/eklektikab24/public_html/bitrix/modules/main/include/prolog_before.php:19
#1: require(string)
	/home/g/glouder/eklektikab24/public_html/local/classes/site_requests_handler.php:10
----------

2025-08-02 00:18:54 - Host: b24.amiiya.ru - LOW_PRIORITY_ERROR - [ErrorException] E_WARNING
String offset cast occurred (0)
/home/g/glouder/eklektikab24/public_html/bitrix/modules/main/include.php:116
#0: require_once(string)
	/home/g/glouder/eklektikab24/public_html/bitrix/modules/main/include/prolog_before.php:19
#1: require(string)
	/home/g/glouder/eklektikab24/public_html/local/classes/site_requests_handler.php:10
----------

2025-08-02 00:18:54 - Host: b24.amiiya.ru - LOW_PRIORITY_ERROR - [ErrorException] E_WARNING
String offset cast occurred (0)
/home/g/glouder/eklektikab24/public_html/bitrix/modules/main/include.php:116
#0: require_once(string)
	/home/g/glouder/eklektikab24/public_html/bitrix/modules/main/include/prolog_before.php:19
#1: require(string)
	/home/g/glouder/eklektikab24/public_html/local/classes/site_requests_handler.php:10
----------

2025-08-02 00:18:54 - Host: b24.amiiya.ru - LOW_PRIORITY_ERROR - [ErrorException] E_WARNING
String offset cast occurred (0)
/home/g/glouder/eklektikab24/public_html/bitrix/modules/main/include.php:116
#0: require_once(string)
	/home/g/glouder/eklektikab24/public_html/bitrix/modules/main/include/prolog_before.php:19
#1: require(string)
	/home/g/glouder/eklektikab24/public_html/local/classes/site_requests_handler.php:10
----------

2025-08-02 00:18:54 - Host: b24.amiiya.ru - LOW_PRIORITY_ERROR - [ErrorException] E_WARNING
String offset cast occurred (0)
/home/g/glouder/eklektikab24/public_html/bitrix/modules/main/include.php:116
#0: require_once(string)
	/home/g/glouder/eklektikab24/public_html/bitrix/modules/main/include/prolog_before.php:19
#1: require(string)
	/home/g/glouder/eklektikab24/public_html/local/classes/site_requests_handler.php:10
----------

2025-08-02 00:18:54 - Host: b24.amiiya.ru - LOW_PRIORITY_ERROR - [ErrorException] E_WARNING
String offset cast occurred (0)
/home/g/glouder/eklektikab24/public_html/bitrix/modules/main/include.php:116
#0: require_once(string)
	/home/g/glouder/eklektikab24/public_html/bitrix/modules/main/include/prolog_before.php:19
#1: require(string)
	/home/g/glouder/eklektikab24/public_html/local/classes/site_requests_handler.php:10
----------

2025-08-02 00:18:54 - Host: b24.amiiya.ru - LOW_PRIORITY_ERROR - [ErrorException] E_WARNING
String offset cast occurred (0)
/home/g/glouder/eklektikab24/public_html/bitrix/modules/main/include.php:116
#0: require_once(string)
	/home/g/glouder/eklektikab24/public_html/bitrix/modules/main/include/prolog_before.php:19
#1: require(string)
	/home/g/glouder/eklektikab24/public_html/local/classes/site_requests_handler.php:10
----------

2025-08-02 00:18:54 - Host: b24.amiiya.ru - LOW_PRIORITY_ERROR - [ErrorException] E_WARNING
String offset cast occurred (0)
/home/g/glouder/eklektikab24/public_html/bitrix/modules/main/include.php:116
#0: require_once(string)
	/home/g/glouder/eklektikab24/public_html/bitrix/modules/main/include/prolog_before.php:19
#1: require(string)
	/home/g/glouder/eklektikab24/public_html/local/classes/site_requests_handler.php:10
----------

2025-08-02 00:18:54 - Host: b24.amiiya.ru - LOW_PRIORITY_ERROR - [ErrorException] E_WARNING
String offset cast occurred (0)
/home/g/glouder/eklektikab24/public_html/bitrix/modules/main/include.php:116
#0: require_once(string)
	/home/g/glouder/eklektikab24/public_html/bitrix/modules/main/include/prolog_before.php:19
#1: require(string)
	/home/g/glouder/eklektikab24/public_html/local/classes/site_requests_handler.php:10
----------

2025-08-02 00:18:54 - Host: b24.amiiya.ru - LOW_PRIORITY_ERROR - [ErrorException] E_WARNING
String offset cast occurred (0)
/home/g/glouder/eklektikab24/public_html/bitrix/modules/main/include.php:116
#0: require_once(string)
	/home/g/glouder/eklektikab24/public_html/bitrix/modules/main/include/prolog_before.php:19
#1: require(string)
	/home/g/glouder/eklektikab24/public_html/local/classes/site_requests_handler.php:10
----------

2025-08-02 00:18:54 - Host: b24.amiiya.ru - LOW_PRIORITY_ERROR - [ErrorException] E_WARNING
String offset cast occurred (0)
/home/g/glouder/eklektikab24/public_html/bitrix/modules/main/include.php:116
#0: require_once(string)
	/home/g/glouder/eklektikab24/public_html/bitrix/modules/main/include/prolog_before.php:19
#1: require(string)
	/home/g/glouder/eklektikab24/public_html/local/classes/site_requests_handler.php:10
----------

2025-08-02 00:18:54 - Host: b24.amiiya.ru - LOW_PRIORITY_ERROR - [ErrorException] E_WARNING
String offset cast occurred (0)
/home/g/glouder/eklektikab24/public_html/bitrix/modules/main/include.php:116
#0: require_once(string)
	/home/g/glouder/eklektikab24/public_html/bitrix/modules/main/include/prolog_before.php:19
#1: require(string)
	/home/g/glouder/eklektikab24/public_html/local/classes/site_requests_handler.php:10
----------

2025-08-02 00:18:54 - Host: b24.amiiya.ru - LOW_PRIORITY_ERROR - [ErrorException] E_WARNING
String offset cast occurred (0)
/home/g/glouder/eklektikab24/public_html/bitrix/modules/main/include.php:116
#0: require_once(string)
	/home/g/glouder/eklektikab24/public_html/bitrix/modules/main/include/prolog_before.php:19
#1: require(string)
	/home/g/glouder/eklektikab24/public_html/local/classes/site_requests_handler.php:10
----------

2025-08-02 00:18:54 - Host: b24.amiiya.ru - LOW_PRIORITY_ERROR - [ErrorException] E_WARNING
String offset cast occurred (0)
/home/g/glouder/eklektikab24/public_html/bitrix/modules/main/include.php:116
#0: require_once(string)
	/home/g/glouder/eklektikab24/public_html/bitrix/modules/main/include/prolog_before.php:19
#1: require(string)
	/home/g/glouder/eklektikab24/public_html/local/classes/site_requests_handler.php:10
----------

2025-08-02 00:18:54 - Host: b24.amiiya.ru - LOW_PRIORITY_ERROR - [ErrorException] E_WARNING
String offset cast occurred (0)
/home/g/glouder/eklektikab24/public_html/bitrix/modules/main/include.php:116
#0: require_once(string)
	/home/g/glouder/eklektikab24/public_html/bitrix/modules/main/include/prolog_before.php:19
#1: require(string)
	/home/g/glouder/eklektikab24/public_html/local/classes/site_requests_handler.php:10
----------

2025-08-02 00:18:54 - Host: b24.amiiya.ru - LOW_PRIORITY_ERROR - [ErrorException] E_WARNING
String offset cast occurred (0)
/home/g/glouder/eklektikab24/public_html/bitrix/modules/main/include.php:116
#0: require_once(string)
	/home/g/glouder/eklektikab24/public_html/bitrix/modules/main/include/prolog_before.php:19
#1: require(string)
	/home/g/glouder/eklektikab24/public_html/local/classes/site_requests_handler.php:10
----------

2025-08-02 00:18:54 - Host: b24.amiiya.ru - LOW_PRIORITY_ERROR - [ErrorException] E_WARNING
String offset cast occurred (0)
/home/g/glouder/eklektikab24/public_html/bitrix/modules/main/include.php:116
#0: require_once(string)
	/home/g/glouder/eklektikab24/public_html/bitrix/modules/main/include/prolog_before.php:19
#1: require(string)
	/home/g/glouder/eklektikab24/public_html/local/classes/site_requests_handler.php:10
----------

2025-08-02 00:18:54 - Host: b24.amiiya.ru - LOW_PRIORITY_ERROR - [ErrorException] E_WARNING
String offset cast occurred (0)
/home/g/glouder/eklektikab24/public_html/bitrix/modules/main/include.php:116
#0: require_once(string)
	/home/g/glouder/eklektikab24/public_html/bitrix/modules/main/include/prolog_before.php:19
#1: require(string)
	/home/g/glouder/eklektikab24/public_html/local/classes/site_requests_handler.php:10
----------

2025-08-02 00:18:54 - Host: b24.amiiya.ru - LOW_PRIORITY_ERROR - [ErrorException] E_WARNING
String offset cast occurred (0)
/home/g/glouder/eklektikab24/public_html/bitrix/modules/main/include.php:116
#0: require_once(string)
	/home/g/glouder/eklektikab24/public_html/bitrix/modules/main/include/prolog_before.php:19
#1: require(string)
	/home/g/glouder/eklektikab24/public_html/local/classes/site_requests_handler.php:10
----------

2025-08-02 00:18:54 - Host: b24.amiiya.ru - LOW_PRIORITY_ERROR - [ErrorException] E_WARNING
String offset cast occurred (0)
/home/g/glouder/eklektikab24/public_html/bitrix/modules/main/include.php:116
#0: require_once(string)
	/home/g/glouder/eklektikab24/public_html/bitrix/modules/main/include/prolog_before.php:19
#1: require(string)
	/home/g/glouder/eklektikab24/public_html/local/classes/site_requests_handler.php:10
----------

2025-08-02 00:18:54 - Host: b24.amiiya.ru - LOW_PRIORITY_ERROR - [ErrorException] E_WARNING
String offset cast occurred (0)
/home/g/glouder/eklektikab24/public_html/bitrix/modules/sproduction.datasync/include.php:1
#0: include_once(string)
	/home/g/glouder/eklektikab24/public_html/bitrix/modules/main/lib/loader.php:187
#1: Bitrix\Main\Loader::includeModuleInternal(string)
	/home/g/glouder/eklektikab24/public_html/bitrix/modules/main/lib/loader.php:143
#2: Bitrix\Main\Loader::includeModule(string)
	/home/g/glouder/eklektikab24/public_html/bitrix/modules/main/classes/general/module.php:153
#3: CModule::IncludeModule(string)
	/home/g/glouder/eklektikab24/public_html/bitrix/modules/main/tools.php:5218
#4: ExecuteModuleEventEx(array)
	/home/g/glouder/eklektikab24/public_html/bitrix/modules/main/classes/general/main.php:3358
#5: CAllMain->EndBufferContent(string, integer)
	
#6: ob_end_flush()
	/home/g/glouder/eklektikab24/public_html/bitrix/modules/main/classes/general/main.php:3643
#7: CAllMain::{closure}()
	
----------

2025-08-02 00:18:54 - Host: b24.amiiya.ru - LOW_PRIORITY_ERROR - [ErrorException] E_WARNING
String offset cast occurred (0)
/home/g/glouder/eklektikab24/public_html/bitrix/modules/sproduction.datasync/include.php:1
#0: include_once(string)
	/home/g/glouder/eklektikab24/public_html/bitrix/modules/main/lib/loader.php:187
#1: Bitrix\Main\Loader::includeModuleInternal(string)
	/home/g/glouder/eklektikab24/public_html/bitrix/modules/main/lib/loader.php:143
#2: Bitrix\Main\Loader::includeModule(string)
	/home/g/glouder/eklektikab24/public_html/bitrix/modules/main/classes/general/module.php:153
#3: CModule::IncludeModule(string)
	/home/g/glouder/eklektikab24/public_html/bitrix/modules/main/tools.php:5218
#4: ExecuteModuleEventEx(array)
	/home/g/glouder/eklektikab24/public_html/bitrix/modules/main/classes/general/main.php:3358
#5: CAllMain->EndBufferContent(string, integer)
	
#6: ob_end_flush()
	/home/g/glouder/eklektikab24/public_html/bitrix/modules/main/classes/general/main.php:3643
#7: CAllMain::{closure}()
	
----------

2025-08-02 00:18:54 - Host: b24.amiiya.ru - LOW_PRIORITY_ERROR - [ErrorException] E_WARNING
String offset cast occurred (0)
/home/g/glouder/eklektikab24/public_html/bitrix/modules/sproduction.datasync/include.php:1
#0: include_once(string)
	/home/g/glouder/eklektikab24/public_html/bitrix/modules/main/lib/loader.php:187
#1: Bitrix\Main\Loader::includeModuleInternal(string)
	/home/g/glouder/eklektikab24/public_html/bitrix/modules/main/lib/loader.php:143
#2: Bitrix\Main\Loader::includeModule(string)
	/home/g/glouder/eklektikab24/public_html/bitrix/modules/main/classes/general/module.php:153
#3: CModule::IncludeModule(string)
	/home/g/glouder/eklektikab24/public_html/bitrix/modules/main/tools.php:5218
#4: ExecuteModuleEventEx(array)
	/home/g/glouder/eklektikab24/public_html/bitrix/modules/main/classes/general/main.php:3358
#5: CAllMain->EndBufferContent(string, integer)
	
#6: ob_end_flush()
	/home/g/glouder/eklektikab24/public_html/bitrix/modules/main/classes/general/main.php:3643
#7: CAllMain::{closure}()
	
----------

2025-08-02 00:18:54 - Host: b24.amiiya.ru - LOW_PRIORITY_ERROR - [ErrorException] E_WARNING
String offset cast occurred (0)
/home/g/glouder/eklektikab24/public_html/bitrix/modules/sproduction.datasync/include.php:1
#0: include_once(string)
	/home/g/glouder/eklektikab24/public_html/bitrix/modules/main/lib/loader.php:187
#1: Bitrix\Main\Loader::includeModuleInternal(string)
	/home/g/glouder/eklektikab24/public_html/bitrix/modules/main/lib/loader.php:143
#2: Bitrix\Main\Loader::includeModule(string)
	/home/g/glouder/eklektikab24/public_html/bitrix/modules/main/classes/general/module.php:153
#3: CModule::IncludeModule(string)
	/home/g/glouder/eklektikab24/public_html/bitrix/modules/main/tools.php:5218
#4: ExecuteModuleEventEx(array)
	/home/g/glouder/eklektikab24/public_html/bitrix/modules/main/classes/general/main.php:3358
#5: CAllMain->EndBufferContent(string, integer)
	
#6: ob_end_flush()
	/home/g/glouder/eklektikab24/public_html/bitrix/modules/main/classes/general/main.php:3643
#7: CAllMain::{closure}()
	
----------

2025-08-02 00:18:54 - Host: b24.amiiya.ru - LOW_PRIORITY_ERROR - [ErrorException] E_WARNING
String offset cast occurred (0)
/home/g/glouder/eklektikab24/public_html/bitrix/modules/sproduction.datasync/include.php:1
#0: include_once(string)
	/home/g/glouder/eklektikab24/public_html/bitrix/modules/main/lib/loader.php:187
#1: Bitrix\Main\Loader::includeModuleInternal(string)
	/home/g/glouder/eklektikab24/public_html/bitrix/modules/main/lib/loader.php:143
#2: Bitrix\Main\Loader::includeModule(string)
	/home/g/glouder/eklektikab24/public_html/bitrix/modules/main/classes/general/module.php:153
#3: CModule::IncludeModule(string)
	/home/g/glouder/eklektikab24/public_html/bitrix/modules/main/tools.php:5218
#4: ExecuteModuleEventEx(array)
	/home/g/glouder/eklektikab24/public_html/bitrix/modules/main/classes/general/main.php:3358
#5: CAllMain->EndBufferContent(string, integer)
	
#6: ob_end_flush()
	/home/g/glouder/eklektikab24/public_html/bitrix/modules/main/classes/general/main.php:3643
#7: CAllMain::{closure}()
	
----------

2025-08-02 00:18:54 - Host: b24.amiiya.ru - LOW_PRIORITY_ERROR - [ErrorException] E_WARNING
String offset cast occurred (0)
/home/g/glouder/eklektikab24/public_html/bitrix/modules/sproduction.datasync/include.php:1
#0: include_once(string)
	/home/g/glouder/eklektikab24/public_html/bitrix/modules/main/lib/loader.php:187
#1: Bitrix\Main\Loader::includeModuleInternal(string)
	/home/g/glouder/eklektikab24/public_html/bitrix/modules/main/lib/loader.php:143
#2: Bitrix\Main\Loader::includeModule(string)
	/home/g/glouder/eklektikab24/public_html/bitrix/modules/main/classes/general/module.php:153
#3: CModule::IncludeModule(string)
	/home/g/glouder/eklektikab24/public_html/bitrix/modules/main/tools.php:5218
#4: ExecuteModuleEventEx(array)
	/home/g/glouder/eklektikab24/public_html/bitrix/modules/main/classes/general/main.php:3358
#5: CAllMain->EndBufferContent(string, integer)
	
#6: ob_end_flush()
	/home/g/glouder/eklektikab24/public_html/bitrix/modules/main/classes/general/main.php:3643
#7: CAllMain::{closure}()
	
----------

2025-08-02 00:18:54 - Host: b24.amiiya.ru - LOW_PRIORITY_ERROR - [ErrorException] E_WARNING
String offset cast occurred (0)
/home/g/glouder/eklektikab24/public_html/bitrix/modules/sproduction.datasync/include.php:1
#0: include_once(string)
	/home/g/glouder/eklektikab24/public_html/bitrix/modules/main/lib/loader.php:187
#1: Bitrix\Main\Loader::includeModuleInternal(string)
	/home/g/glouder/eklektikab24/public_html/bitrix/modules/main/lib/loader.php:143
#2: Bitrix\Main\Loader::includeModule(string)
	/home/g/glouder/eklektikab24/public_html/bitrix/modules/main/classes/general/module.php:153
#3: CModule::IncludeModule(string)
	/home/g/glouder/eklektikab24/public_html/bitrix/modules/main/tools.php:5218
#4: ExecuteModuleEventEx(array)
	/home/g/glouder/eklektikab24/public_html/bitrix/modules/main/classes/general/main.php:3358
#5: CAllMain->EndBufferContent(string, integer)
	
#6: ob_end_flush()
	/home/g/glouder/eklektikab24/public_html/bitrix/modules/main/classes/general/main.php:3643
#7: CAllMain::{closure}()
	
----------

2025-08-02 00:18:54 - Host: b24.amiiya.ru - LOW_PRIORITY_ERROR - [ErrorException] E_WARNING
String offset cast occurred (0)
/home/g/glouder/eklektikab24/public_html/bitrix/modules/sproduction.datasync/include.php:1
#0: include_once(string)
	/home/g/glouder/eklektikab24/public_html/bitrix/modules/main/lib/loader.php:187
#1: Bitrix\Main\Loader::includeModuleInternal(string)
	/home/g/glouder/eklektikab24/public_html/bitrix/modules/main/lib/loader.php:143
#2: Bitrix\Main\Loader::includeModule(string)
	/home/g/glouder/eklektikab24/public_html/bitrix/modules/main/classes/general/module.php:153
#3: CModule::IncludeModule(string)
	/home/g/glouder/eklektikab24/public_html/bitrix/modules/main/tools.php:5218
#4: ExecuteModuleEventEx(array)
	/home/g/glouder/eklektikab24/public_html/bitrix/modules/main/classes/general/main.php:3358
#5: CAllMain->EndBufferContent(string, integer)
	
#6: ob_end_flush()
	/home/g/glouder/eklektikab24/public_html/bitrix/modules/main/classes/general/main.php:3643
#7: CAllMain::{closure}()
	
----------

2025-08-02 00:18:54 - Host: b24.amiiya.ru - LOW_PRIORITY_ERROR - [ErrorException] E_WARNING
String offset cast occurred (0)
/home/g/glouder/eklektikab24/public_html/bitrix/modules/sproduction.datasync/include.php:1
#0: include_once(string)
	/home/g/glouder/eklektikab24/public_html/bitrix/modules/main/lib/loader.php:187
#1: Bitrix\Main\Loader::includeModuleInternal(string)
	/home/g/glouder/eklektikab24/public_html/bitrix/modules/main/lib/loader.php:143
#2: Bitrix\Main\Loader::includeModule(string)
	/home/g/glouder/eklektikab24/public_html/bitrix/modules/main/classes/general/module.php:153
#3: CModule::IncludeModule(string)
	/home/g/glouder/eklektikab24/public_html/bitrix/modules/main/tools.php:5218
#4: ExecuteModuleEventEx(array)
	/home/g/glouder/eklektikab24/public_html/bitrix/modules/main/classes/general/main.php:3358
#5: CAllMain->EndBufferContent(string, integer)
	
#6: ob_end_flush()
	/home/g/glouder/eklektikab24/public_html/bitrix/modules/main/classes/general/main.php:3643
#7: CAllMain::{closure}()
	
----------

2025-08-02 00:18:54 - Host: b24.amiiya.ru - LOW_PRIORITY_ERROR - [ErrorException] E_WARNING
String offset cast occurred (0)
/home/g/glouder/eklektikab24/public_html/bitrix/modules/sproduction.datasync/include.php:1
#0: include_once(string)
	/home/g/glouder/eklektikab24/public_html/bitrix/modules/main/lib/loader.php:187
#1: Bitrix\Main\Loader::includeModuleInternal(string)
	/home/g/glouder/eklektikab24/public_html/bitrix/modules/main/lib/loader.php:143
#2: Bitrix\Main\Loader::includeModule(string)
	/home/g/glouder/eklektikab24/public_html/bitrix/modules/main/classes/general/module.php:153
#3: CModule::IncludeModule(string)
	/home/g/glouder/eklektikab24/public_html/bitrix/modules/main/tools.php:5218
#4: ExecuteModuleEventEx(array)
	/home/g/glouder/eklektikab24/public_html/bitrix/modules/main/classes/general/main.php:3358
#5: CAllMain->EndBufferContent(string, integer)
	
#6: ob_end_flush()
	/home/g/glouder/eklektikab24/public_html/bitrix/modules/main/classes/general/main.php:3643
#7: CAllMain::{closure}()
	
----------

2025-08-02 00:18:54 - Host: b24.amiiya.ru - LOW_PRIORITY_ERROR - [ErrorException] E_WARNING
String offset cast occurred (0)
/home/g/glouder/eklektikab24/public_html/bitrix/modules/sproduction.datasync/include.php:1
#0: include_once(string)
	/home/g/glouder/eklektikab24/public_html/bitrix/modules/main/lib/loader.php:187
#1: Bitrix\Main\Loader::includeModuleInternal(string)
	/home/g/glouder/eklektikab24/public_html/bitrix/modules/main/lib/loader.php:143
#2: Bitrix\Main\Loader::includeModule(string)
	/home/g/glouder/eklektikab24/public_html/bitrix/modules/main/classes/general/module.php:153
#3: CModule::IncludeModule(string)
	/home/g/glouder/eklektikab24/public_html/bitrix/modules/main/tools.php:5218
#4: ExecuteModuleEventEx(array)
	/home/g/glouder/eklektikab24/public_html/bitrix/modules/main/classes/general/main.php:3358
#5: CAllMain->EndBufferContent(string, integer)
	
#6: ob_end_flush()
	/home/g/glouder/eklektikab24/public_html/bitrix/modules/main/classes/general/main.php:3643
#7: CAllMain::{closure}()
	
----------

2025-08-02 00:18:54 - Host: b24.amiiya.ru - LOW_PRIORITY_ERROR - [ErrorException] E_WARNING
String offset cast occurred (0)
/home/g/glouder/eklektikab24/public_html/bitrix/modules/sproduction.datasync/include.php:1
#0: include_once(string)
	/home/g/glouder/eklektikab24/public_html/bitrix/modules/main/lib/loader.php:187
#1: Bitrix\Main\Loader::includeModuleInternal(string)
	/home/g/glouder/eklektikab24/public_html/bitrix/modules/main/lib/loader.php:143
#2: Bitrix\Main\Loader::includeModule(string)
	/home/g/glouder/eklektikab24/public_html/bitrix/modules/main/classes/general/module.php:153
#3: CModule::IncludeModule(string)
	/home/g/glouder/eklektikab24/public_html/bitrix/modules/main/tools.php:5218
#4: ExecuteModuleEventEx(array)
	/home/g/glouder/eklektikab24/public_html/bitrix/modules/main/classes/general/main.php:3358
#5: CAllMain->EndBufferContent(string, integer)
	
#6: ob_end_flush()
	/home/g/glouder/eklektikab24/public_html/bitrix/modules/main/classes/general/main.php:3643
#7: CAllMain::{closure}()
	
----------

2025-08-02 00:18:54 - Host: b24.amiiya.ru - LOW_PRIORITY_ERROR - [ErrorException] E_WARNING
String offset cast occurred (0)
/home/g/glouder/eklektikab24/public_html/bitrix/modules/sproduction.datasync/include.php:1
#0: include_once(string)
	/home/g/glouder/eklektikab24/public_html/bitrix/modules/main/lib/loader.php:187
#1: Bitrix\Main\Loader::includeModuleInternal(string)
	/home/g/glouder/eklektikab24/public_html/bitrix/modules/main/lib/loader.php:143
#2: Bitrix\Main\Loader::includeModule(string)
	/home/g/glouder/eklektikab24/public_html/bitrix/modules/main/classes/general/module.php:153
#3: CModule::IncludeModule(string)
	/home/g/glouder/eklektikab24/public_html/bitrix/modules/main/tools.php:5218
#4: ExecuteModuleEventEx(array)
	/home/g/glouder/eklektikab24/public_html/bitrix/modules/main/classes/general/main.php:3358
#5: CAllMain->EndBufferContent(string, integer)
	
#6: ob_end_flush()
	/home/g/glouder/eklektikab24/public_html/bitrix/modules/main/classes/general/main.php:3643
#7: CAllMain::{closure}()
	
----------

2025-08-02 00:18:54 - Host: b24.amiiya.ru - LOW_PRIORITY_ERROR - [ErrorException] E_WARNING
String offset cast occurred (0)
/home/g/glouder/eklektikab24/public_html/bitrix/modules/sproduction.datasync/include.php:1
#0: include_once(string)
	/home/g/glouder/eklektikab24/public_html/bitrix/modules/main/lib/loader.php:187
#1: Bitrix\Main\Loader::includeModuleInternal(string)
	/home/g/glouder/eklektikab24/public_html/bitrix/modules/main/lib/loader.php:143
#2: Bitrix\Main\Loader::includeModule(string)
	/home/g/glouder/eklektikab24/public_html/bitrix/modules/main/classes/general/module.php:153
#3: CModule::IncludeModule(string)
	/home/g/glouder/eklektikab24/public_html/bitrix/modules/main/tools.php:5218
#4: ExecuteModuleEventEx(array)
	/home/g/glouder/eklektikab24/public_html/bitrix/modules/main/classes/general/main.php:3358
#5: CAllMain->EndBufferContent(string, integer)
	
#6: ob_end_flush()
	/home/g/glouder/eklektikab24/public_html/bitrix/modules/main/classes/general/main.php:3643
#7: CAllMain::{closure}()
	
----------

2025-08-02 00:18:54 - Host: b24.amiiya.ru - LOW_PRIORITY_ERROR - [ErrorException] E_WARNING
String offset cast occurred (0)
/home/g/glouder/eklektikab24/public_html/bitrix/modules/sproduction.datasync/include.php:1
#0: include_once(string)
	/home/g/glouder/eklektikab24/public_html/bitrix/modules/main/lib/loader.php:187
#1: Bitrix\Main\Loader::includeModuleInternal(string)
	/home/g/glouder/eklektikab24/public_html/bitrix/modules/main/lib/loader.php:143
#2: Bitrix\Main\Loader::includeModule(string)
	/home/g/glouder/eklektikab24/public_html/bitrix/modules/main/classes/general/module.php:153
#3: CModule::IncludeModule(string)
	/home/g/glouder/eklektikab24/public_html/bitrix/modules/main/tools.php:5218
#4: ExecuteModuleEventEx(array)
	/home/g/glouder/eklektikab24/public_html/bitrix/modules/main/classes/general/main.php:3358
#5: CAllMain->EndBufferContent(string, integer)
	
#6: ob_end_flush()
	/home/g/glouder/eklektikab24/public_html/bitrix/modules/main/classes/general/main.php:3643
#7: CAllMain::{closure}()
	
----------

2025-08-02 00:18:54 - Host: b24.amiiya.ru - LOW_PRIORITY_ERROR - [ErrorException] E_WARNING
String offset cast occurred (0)
/home/g/glouder/eklektikab24/public_html/bitrix/modules/sproduction.datasync/include.php:1
#0: include_once(string)
	/home/g/glouder/eklektikab24/public_html/bitrix/modules/main/lib/loader.php:187
#1: Bitrix\Main\Loader::includeModuleInternal(string)
	/home/g/glouder/eklektikab24/public_html/bitrix/modules/main/lib/loader.php:143
#2: Bitrix\Main\Loader::includeModule(string)
	/home/g/glouder/eklektikab24/public_html/bitrix/modules/main/classes/general/module.php:153
#3: CModule::IncludeModule(string)
	/home/g/glouder/eklektikab24/public_html/bitrix/modules/main/tools.php:5218
#4: ExecuteModuleEventEx(array)
	/home/g/glouder/eklektikab24/public_html/bitrix/modules/main/classes/general/main.php:3358
#5: CAllMain->EndBufferContent(string, integer)
	
#6: ob_end_flush()
	/home/g/glouder/eklektikab24/public_html/bitrix/modules/main/classes/general/main.php:3643
#7: CAllMain::{closure}()
	
----------

2025-08-02 00:18:54 - Host: b24.amiiya.ru - LOW_PRIORITY_ERROR - [ErrorException] E_WARNING
String offset cast occurred (0)
/home/g/glouder/eklektikab24/public_html/bitrix/modules/sproduction.datasync/include.php:1
#0: include_once(string)
	/home/g/glouder/eklektikab24/public_html/bitrix/modules/main/lib/loader.php:187
#1: Bitrix\Main\Loader::includeModuleInternal(string)
	/home/g/glouder/eklektikab24/public_html/bitrix/modules/main/lib/loader.php:143
#2: Bitrix\Main\Loader::includeModule(string)
	/home/g/glouder/eklektikab24/public_html/bitrix/modules/main/classes/general/module.php:153
#3: CModule::IncludeModule(string)
	/home/g/glouder/eklektikab24/public_html/bitrix/modules/main/tools.php:5218
#4: ExecuteModuleEventEx(array)
	/home/g/glouder/eklektikab24/public_html/bitrix/modules/main/classes/general/main.php:3358
#5: CAllMain->EndBufferContent(string, integer)
	
#6: ob_end_flush()
	/home/g/glouder/eklektikab24/public_html/bitrix/modules/main/classes/general/main.php:3643
#7: CAllMain::{closure}()
	
----------

2025-08-02 00:18:54 - Host: b24.amiiya.ru - LOW_PRIORITY_ERROR - [ErrorException] E_WARNING
String offset cast occurred (0)
/home/g/glouder/eklektikab24/public_html/bitrix/modules/sproduction.datasync/include.php:1
#0: include_once(string)
	/home/g/glouder/eklektikab24/public_html/bitrix/modules/main/lib/loader.php:187
#1: Bitrix\Main\Loader::includeModuleInternal(string)
	/home/g/glouder/eklektikab24/public_html/bitrix/modules/main/lib/loader.php:143
#2: Bitrix\Main\Loader::includeModule(string)
	/home/g/glouder/eklektikab24/public_html/bitrix/modules/main/classes/general/module.php:153
#3: CModule::IncludeModule(string)
	/home/g/glouder/eklektikab24/public_html/bitrix/modules/main/tools.php:5218
#4: ExecuteModuleEventEx(array)
	/home/g/glouder/eklektikab24/public_html/bitrix/modules/main/classes/general/main.php:3358
#5: CAllMain->EndBufferContent(string, integer)
	
#6: ob_end_flush()
	/home/g/glouder/eklektikab24/public_html/bitrix/modules/main/classes/general/main.php:3643
#7: CAllMain::{closure}()
	
----------

2025-08-02 00:18:54 - Host: b24.amiiya.ru - LOW_PRIORITY_ERROR - [ErrorException] E_WARNING
String offset cast occurred (0)
/home/g/glouder/eklektikab24/public_html/bitrix/modules/sproduction.datasync/include.php:1
#0: include_once(string)
	/home/g/glouder/eklektikab24/public_html/bitrix/modules/main/lib/loader.php:187
#1: Bitrix\Main\Loader::includeModuleInternal(string)
	/home/g/glouder/eklektikab24/public_html/bitrix/modules/main/lib/loader.php:143
#2: Bitrix\Main\Loader::includeModule(string)
	/home/g/glouder/eklektikab24/public_html/bitrix/modules/main/classes/general/module.php:153
#3: CModule::IncludeModule(string)
	/home/g/glouder/eklektikab24/public_html/bitrix/modules/main/tools.php:5218
#4: ExecuteModuleEventEx(array)
	/home/g/glouder/eklektikab24/public_html/bitrix/modules/main/classes/general/main.php:3358
#5: CAllMain->EndBufferContent(string, integer)
	
#6: ob_end_flush()
	/home/g/glouder/eklektikab24/public_html/bitrix/modules/main/classes/general/main.php:3643
#7: CAllMain::{closure}()
	
----------

2025-08-02 00:18:54 - Host: b24.amiiya.ru - LOW_PRIORITY_ERROR - [ErrorException] E_WARNING
String offset cast occurred (0)
/home/g/glouder/eklektikab24/public_html/bitrix/modules/sproduction.datasync/include.php:1
#0: include_once(string)
	/home/g/glouder/eklektikab24/public_html/bitrix/modules/main/lib/loader.php:187
#1: Bitrix\Main\Loader::includeModuleInternal(string)
	/home/g/glouder/eklektikab24/public_html/bitrix/modules/main/lib/loader.php:143
#2: Bitrix\Main\Loader::includeModule(string)
	/home/g/glouder/eklektikab24/public_html/bitrix/modules/main/classes/general/module.php:153
#3: CModule::IncludeModule(string)
	/home/g/glouder/eklektikab24/public_html/bitrix/modules/main/tools.php:5218
#4: ExecuteModuleEventEx(array)
	/home/g/glouder/eklektikab24/public_html/bitrix/modules/main/classes/general/main.php:3358
#5: CAllMain->EndBufferContent(string, integer)
	
#6: ob_end_flush()
	/home/g/glouder/eklektikab24/public_html/bitrix/modules/main/classes/general/main.php:3643
#7: CAllMain::{closure}()
	
----------

2025-08-02 00:18:54 - Host: b24.amiiya.ru - LOW_PRIORITY_ERROR - [ErrorException] E_WARNING
String offset cast occurred (0)
/home/g/glouder/eklektikab24/public_html/bitrix/modules/sproduction.datasync/include.php:1
#0: include_once(string)
	/home/g/glouder/eklektikab24/public_html/bitrix/modules/main/lib/loader.php:187
#1: Bitrix\Main\Loader::includeModuleInternal(string)
	/home/g/glouder/eklektikab24/public_html/bitrix/modules/main/lib/loader.php:143
#2: Bitrix\Main\Loader::includeModule(string)
	/home/g/glouder/eklektikab24/public_html/bitrix/modules/main/classes/general/module.php:153
#3: CModule::IncludeModule(string)
	/home/g/glouder/eklektikab24/public_html/bitrix/modules/main/tools.php:5218
#4: ExecuteModuleEventEx(array)
	/home/g/glouder/eklektikab24/public_html/bitrix/modules/main/classes/general/main.php:3358
#5: CAllMain->EndBufferContent(string, integer)
	
#6: ob_end_flush()
	/home/g/glouder/eklektikab24/public_html/bitrix/modules/main/classes/general/main.php:3643
#7: CAllMain::{closure}()
	
----------

2025-08-02 00:18:54 - Host: b24.amiiya.ru - LOW_PRIORITY_ERROR - [ErrorException] E_WARNING
String offset cast occurred (0)
/home/g/glouder/eklektikab24/public_html/bitrix/modules/sproduction.datasync/include.php:1
#0: include_once(string)
	/home/g/glouder/eklektikab24/public_html/bitrix/modules/main/lib/loader.php:187
#1: Bitrix\Main\Loader::includeModuleInternal(string)
	/home/g/glouder/eklektikab24/public_html/bitrix/modules/main/lib/loader.php:143
#2: Bitrix\Main\Loader::includeModule(string)
	/home/g/glouder/eklektikab24/public_html/bitrix/modules/main/classes/general/module.php:153
#3: CModule::IncludeModule(string)
	/home/g/glouder/eklektikab24/public_html/bitrix/modules/main/tools.php:5218
#4: ExecuteModuleEventEx(array)
	/home/g/glouder/eklektikab24/public_html/bitrix/modules/main/classes/general/main.php:3358
#5: CAllMain->EndBufferContent(string, integer)
	
#6: ob_end_flush()
	/home/g/glouder/eklektikab24/public_html/bitrix/modules/main/classes/general/main.php:3643
#7: CAllMain::{closure}()
	
----------

2025-08-02 00:18:54 - Host: b24.amiiya.ru - LOW_PRIORITY_ERROR - [ErrorException] E_WARNING
String offset cast occurred (0)
/home/g/glouder/eklektikab24/public_html/bitrix/modules/sproduction.datasync/include.php:1
#0: include_once(string)
	/home/g/glouder/eklektikab24/public_html/bitrix/modules/main/lib/loader.php:187
#1: Bitrix\Main\Loader::includeModuleInternal(string)
	/home/g/glouder/eklektikab24/public_html/bitrix/modules/main/lib/loader.php:143
#2: Bitrix\Main\Loader::includeModule(string)
	/home/g/glouder/eklektikab24/public_html/bitrix/modules/main/classes/general/module.php:153
#3: CModule::IncludeModule(string)
	/home/g/glouder/eklektikab24/public_html/bitrix/modules/main/tools.php:5218
#4: ExecuteModuleEventEx(array)
	/home/g/glouder/eklektikab24/public_html/bitrix/modules/main/classes/general/main.php:3358
#5: CAllMain->EndBufferContent(string, integer)
	
#6: ob_end_flush()
	/home/g/glouder/eklektikab24/public_html/bitrix/modules/main/classes/general/main.php:3643
#7: CAllMain::{closure}()
	
----------

2025-08-02 00:18:54 - Host: b24.amiiya.ru - LOW_PRIORITY_ERROR - [ErrorException] E_WARNING
String offset cast occurred (0)
/home/g/glouder/eklektikab24/public_html/bitrix/modules/sproduction.datasync/include.php:1
#0: include_once(string)
	/home/g/glouder/eklektikab24/public_html/bitrix/modules/main/lib/loader.php:187
#1: Bitrix\Main\Loader::includeModuleInternal(string)
	/home/g/glouder/eklektikab24/public_html/bitrix/modules/main/lib/loader.php:143
#2: Bitrix\Main\Loader::includeModule(string)
	/home/g/glouder/eklektikab24/public_html/bitrix/modules/main/classes/general/module.php:153
#3: CModule::IncludeModule(string)
	/home/g/glouder/eklektikab24/public_html/bitrix/modules/main/tools.php:5218
#4: ExecuteModuleEventEx(array)
	/home/g/glouder/eklektikab24/public_html/bitrix/modules/main/classes/general/main.php:3358
#5: CAllMain->EndBufferContent(string, integer)
	
#6: ob_end_flush()
	/home/g/glouder/eklektikab24/public_html/bitrix/modules/main/classes/general/main.php:3643
#7: CAllMain::{closure}()
	
----------

2025-08-02 00:18:54 - Host: b24.amiiya.ru - LOW_PRIORITY_ERROR - [ErrorException] E_WARNING
String offset cast occurred (0)
/home/g/glouder/eklektikab24/public_html/bitrix/modules/sproduction.datasync/include.php:1
#0: include_once(string)
	/home/g/glouder/eklektikab24/public_html/bitrix/modules/main/lib/loader.php:187
#1: Bitrix\Main\Loader::includeModuleInternal(string)
	/home/g/glouder/eklektikab24/public_html/bitrix/modules/main/lib/loader.php:143
#2: Bitrix\Main\Loader::includeModule(string)
	/home/g/glouder/eklektikab24/public_html/bitrix/modules/main/classes/general/module.php:153
#3: CModule::IncludeModule(string)
	/home/g/glouder/eklektikab24/public_html/bitrix/modules/main/tools.php:5218
#4: ExecuteModuleEventEx(array)
	/home/g/glouder/eklektikab24/public_html/bitrix/modules/main/classes/general/main.php:3358
#5: CAllMain->EndBufferContent(string, integer)
	
#6: ob_end_flush()
	/home/g/glouder/eklektikab24/public_html/bitrix/modules/main/classes/general/main.php:3643
#7: CAllMain::{closure}()
	
----------

2025-08-02 00:18:54 - Host: b24.amiiya.ru - LOW_PRIORITY_ERROR - [ErrorException] E_WARNING
String offset cast occurred (0)
/home/g/glouder/eklektikab24/public_html/bitrix/modules/sproduction.datasync/include.php:1
#0: include_once(string)
	/home/g/glouder/eklektikab24/public_html/bitrix/modules/main/lib/loader.php:187
#1: Bitrix\Main\Loader::includeModuleInternal(string)
	/home/g/glouder/eklektikab24/public_html/bitrix/modules/main/lib/loader.php:143
#2: Bitrix\Main\Loader::includeModule(string)
	/home/g/glouder/eklektikab24/public_html/bitrix/modules/main/classes/general/module.php:153
#3: CModule::IncludeModule(string)
	/home/g/glouder/eklektikab24/public_html/bitrix/modules/main/tools.php:5218
#4: ExecuteModuleEventEx(array)
	/home/g/glouder/eklektikab24/public_html/bitrix/modules/main/classes/general/main.php:3358
#5: CAllMain->EndBufferContent(string, integer)
	
#6: ob_end_flush()
	/home/g/glouder/eklektikab24/public_html/bitrix/modules/main/classes/general/main.php:3643
#7: CAllMain::{closure}()
	
----------

2025-08-02 00:18:54 - Host: b24.amiiya.ru - LOW_PRIORITY_ERROR - [ErrorException] E_WARNING
String offset cast occurred (0)
/home/g/glouder/eklektikab24/public_html/bitrix/modules/sproduction.datasync/include.php:1
#0: include_once(string)
	/home/g/glouder/eklektikab24/public_html/bitrix/modules/main/lib/loader.php:187
#1: Bitrix\Main\Loader::includeModuleInternal(string)
	/home/g/glouder/eklektikab24/public_html/bitrix/modules/main/lib/loader.php:143
#2: Bitrix\Main\Loader::includeModule(string)
	/home/g/glouder/eklektikab24/public_html/bitrix/modules/main/classes/general/module.php:153
#3: CModule::IncludeModule(string)
	/home/g/glouder/eklektikab24/public_html/bitrix/modules/main/tools.php:5218
#4: ExecuteModuleEventEx(array)
	/home/g/glouder/eklektikab24/public_html/bitrix/modules/main/classes/general/main.php:3358
#5: CAllMain->EndBufferContent(string, integer)
	
#6: ob_end_flush()
	/home/g/glouder/eklektikab24/public_html/bitrix/modules/main/classes/general/main.php:3643
#7: CAllMain::{closure}()
	
----------

2025-08-02 00:18:54 - Host: b24.amiiya.ru - LOW_PRIORITY_ERROR - [ErrorException] E_WARNING
String offset cast occurred (0)
/home/g/glouder/eklektikab24/public_html/bitrix/modules/sproduction.datasync/include.php:1
#0: include_once(string)
	/home/g/glouder/eklektikab24/public_html/bitrix/modules/main/lib/loader.php:187
#1: Bitrix\Main\Loader::includeModuleInternal(string)
	/home/g/glouder/eklektikab24/public_html/bitrix/modules/main/lib/loader.php:143
#2: Bitrix\Main\Loader::includeModule(string)
	/home/g/glouder/eklektikab24/public_html/bitrix/modules/main/classes/general/module.php:153
#3: CModule::IncludeModule(string)
	/home/g/glouder/eklektikab24/public_html/bitrix/modules/main/tools.php:5218
#4: ExecuteModuleEventEx(array)
	/home/g/glouder/eklektikab24/public_html/bitrix/modules/main/classes/general/main.php:3358
#5: CAllMain->EndBufferContent(string, integer)
	
#6: ob_end_flush()
	/home/g/glouder/eklektikab24/public_html/bitrix/modules/main/classes/general/main.php:3643
#7: CAllMain::{closure}()
	
----------

2025-08-02 00:18:54 - Host: b24.amiiya.ru - LOW_PRIORITY_ERROR - [ErrorException] E_WARNING
String offset cast occurred (0)
/home/g/glouder/eklektikab24/public_html/bitrix/modules/sproduction.datasync/include.php:1
#0: include_once(string)
	/home/g/glouder/eklektikab24/public_html/bitrix/modules/main/lib/loader.php:187
#1: Bitrix\Main\Loader::includeModuleInternal(string)
	/home/g/glouder/eklektikab24/public_html/bitrix/modules/main/lib/loader.php:143
#2: Bitrix\Main\Loader::includeModule(string)
	/home/g/glouder/eklektikab24/public_html/bitrix/modules/main/classes/general/module.php:153
#3: CModule::IncludeModule(string)
	/home/g/glouder/eklektikab24/public_html/bitrix/modules/main/tools.php:5218
#4: ExecuteModuleEventEx(array)
	/home/g/glouder/eklektikab24/public_html/bitrix/modules/main/classes/general/main.php:3358
#5: CAllMain->EndBufferContent(string, integer)
	
#6: ob_end_flush()
	/home/g/glouder/eklektikab24/public_html/bitrix/modules/main/classes/general/main.php:3643
#7: CAllMain::{closure}()
	
----------

2025-08-02 00:18:54 - Host: b24.amiiya.ru - LOW_PRIORITY_ERROR - [ErrorException] E_WARNING
String offset cast occurred (0)
/home/g/glouder/eklektikab24/public_html/bitrix/modules/sproduction.datasync/include.php:1
#0: include_once(string)
	/home/g/glouder/eklektikab24/public_html/bitrix/modules/main/lib/loader.php:187
#1: Bitrix\Main\Loader::includeModuleInternal(string)
	/home/g/glouder/eklektikab24/public_html/bitrix/modules/main/lib/loader.php:143
#2: Bitrix\Main\Loader::includeModule(string)
	/home/g/glouder/eklektikab24/public_html/bitrix/modules/main/classes/general/module.php:153
#3: CModule::IncludeModule(string)
	/home/g/glouder/eklektikab24/public_html/bitrix/modules/main/tools.php:5218
#4: ExecuteModuleEventEx(array)
	/home/g/glouder/eklektikab24/public_html/bitrix/modules/main/classes/general/main.php:3358
#5: CAllMain->EndBufferContent(string, integer)
	
#6: ob_end_flush()
	/home/g/glouder/eklektikab24/public_html/bitrix/modules/main/classes/general/main.php:3643
#7: CAllMain::{closure}()
	
----------

2025-08-02 00:18:54 - Host: b24.amiiya.ru - LOW_PRIORITY_ERROR - [ErrorException] E_WARNING
String offset cast occurred (0)
/home/g/glouder/eklektikab24/public_html/bitrix/modules/sproduction.datasync/include.php:1
#0: include_once(string)
	/home/g/glouder/eklektikab24/public_html/bitrix/modules/main/lib/loader.php:187
#1: Bitrix\Main\Loader::includeModuleInternal(string)
	/home/g/glouder/eklektikab24/public_html/bitrix/modules/main/lib/loader.php:143
#2: Bitrix\Main\Loader::includeModule(string)
	/home/g/glouder/eklektikab24/public_html/bitrix/modules/main/classes/general/module.php:153
#3: CModule::IncludeModule(string)
	/home/g/glouder/eklektikab24/public_html/bitrix/modules/main/tools.php:5218
#4: ExecuteModuleEventEx(array)
	/home/g/glouder/eklektikab24/public_html/bitrix/modules/main/classes/general/main.php:3358
#5: CAllMain->EndBufferContent(string, integer)
	
#6: ob_end_flush()
	/home/g/glouder/eklektikab24/public_html/bitrix/modules/main/classes/general/main.php:3643
#7: CAllMain::{closure}()
	
----------

2025-08-02 00:18:54 - Host: b24.amiiya.ru - LOW_PRIORITY_ERROR - [ErrorException] E_WARNING
String offset cast occurred (0)
/home/g/glouder/eklektikab24/public_html/bitrix/modules/sproduction.datasync/include.php:1
#0: include_once(string)
	/home/g/glouder/eklektikab24/public_html/bitrix/modules/main/lib/loader.php:187
#1: Bitrix\Main\Loader::includeModuleInternal(string)
	/home/g/glouder/eklektikab24/public_html/bitrix/modules/main/lib/loader.php:143
#2: Bitrix\Main\Loader::includeModule(string)
	/home/g/glouder/eklektikab24/public_html/bitrix/modules/main/classes/general/module.php:153
#3: CModule::IncludeModule(string)
	/home/g/glouder/eklektikab24/public_html/bitrix/modules/main/tools.php:5218
#4: ExecuteModuleEventEx(array)
	/home/g/glouder/eklektikab24/public_html/bitrix/modules/main/classes/general/main.php:3358
#5: CAllMain->EndBufferContent(string, integer)
	
#6: ob_end_flush()
	/home/g/glouder/eklektikab24/public_html/bitrix/modules/main/classes/general/main.php:3643
#7: CAllMain::{closure}()
	
----------

2025-08-02 00:18:54 - Host: b24.amiiya.ru - LOW_PRIORITY_ERROR - [ErrorException] E_WARNING
String offset cast occurred (0)
/home/g/glouder/eklektikab24/public_html/bitrix/modules/sproduction.datasync/include.php:1
#0: include_once(string)
	/home/g/glouder/eklektikab24/public_html/bitrix/modules/main/lib/loader.php:187
#1: Bitrix\Main\Loader::includeModuleInternal(string)
	/home/g/glouder/eklektikab24/public_html/bitrix/modules/main/lib/loader.php:143
#2: Bitrix\Main\Loader::includeModule(string)
	/home/g/glouder/eklektikab24/public_html/bitrix/modules/main/classes/general/module.php:153
#3: CModule::IncludeModule(string)
	/home/g/glouder/eklektikab24/public_html/bitrix/modules/main/tools.php:5218
#4: ExecuteModuleEventEx(array)
	/home/g/glouder/eklektikab24/public_html/bitrix/modules/main/classes/general/main.php:3358
#5: CAllMain->EndBufferContent(string, integer)
	
#6: ob_end_flush()
	/home/g/glouder/eklektikab24/public_html/bitrix/modules/main/classes/general/main.php:3643
#7: CAllMain::{closure}()
	
----------

2025-08-02 00:18:54 - Host: b24.amiiya.ru - LOW_PRIORITY_ERROR - [ErrorException] E_WARNING
String offset cast occurred (0)
/home/g/glouder/eklektikab24/public_html/bitrix/modules/sproduction.datasync/include.php:1
#0: include_once(string)
	/home/g/glouder/eklektikab24/public_html/bitrix/modules/main/lib/loader.php:187
#1: Bitrix\Main\Loader::includeModuleInternal(string)
	/home/g/glouder/eklektikab24/public_html/bitrix/modules/main/lib/loader.php:143
#2: Bitrix\Main\Loader::includeModule(string)
	/home/g/glouder/eklektikab24/public_html/bitrix/modules/main/classes/general/module.php:153
#3: CModule::IncludeModule(string)
	/home/g/glouder/eklektikab24/public_html/bitrix/modules/main/tools.php:5218
#4: ExecuteModuleEventEx(array)
	/home/g/glouder/eklektikab24/public_html/bitrix/modules/main/classes/general/main.php:3358
#5: CAllMain->EndBufferContent(string, integer)
	
#6: ob_end_flush()
	/home/g/glouder/eklektikab24/public_html/bitrix/modules/main/classes/general/main.php:3643
#7: CAllMain::{closure}()
	
----------

2025-08-02 00:18:54 - Host: b24.amiiya.ru - LOW_PRIORITY_ERROR - [ErrorException] E_WARNING
String offset cast occurred (0)
/home/g/glouder/eklektikab24/public_html/bitrix/modules/sproduction.datasync/include.php:1
#0: include_once(string)
	/home/g/glouder/eklektikab24/public_html/bitrix/modules/main/lib/loader.php:187
#1: Bitrix\Main\Loader::includeModuleInternal(string)
	/home/g/glouder/eklektikab24/public_html/bitrix/modules/main/lib/loader.php:143
#2: Bitrix\Main\Loader::includeModule(string)
	/home/g/glouder/eklektikab24/public_html/bitrix/modules/main/classes/general/module.php:153
#3: CModule::IncludeModule(string)
	/home/g/glouder/eklektikab24/public_html/bitrix/modules/main/tools.php:5218
#4: ExecuteModuleEventEx(array)
	/home/g/glouder/eklektikab24/public_html/bitrix/modules/main/classes/general/main.php:3358
#5: CAllMain->EndBufferContent(string, integer)
	
#6: ob_end_flush()
	/home/g/glouder/eklektikab24/public_html/bitrix/modules/main/classes/general/main.php:3643
#7: CAllMain::{closure}()
	
----------

2025-08-02 00:18:54 - Host: b24.amiiya.ru - LOW_PRIORITY_ERROR - [ErrorException] E_WARNING
String offset cast occurred (0)
/home/g/glouder/eklektikab24/public_html/bitrix/modules/sproduction.datasync/include.php:1
#0: include_once(string)
	/home/g/glouder/eklektikab24/public_html/bitrix/modules/main/lib/loader.php:187
#1: Bitrix\Main\Loader::includeModuleInternal(string)
	/home/g/glouder/eklektikab24/public_html/bitrix/modules/main/lib/loader.php:143
#2: Bitrix\Main\Loader::includeModule(string)
	/home/g/glouder/eklektikab24/public_html/bitrix/modules/main/classes/general/module.php:153
#3: CModule::IncludeModule(string)
	/home/g/glouder/eklektikab24/public_html/bitrix/modules/main/tools.php:5218
#4: ExecuteModuleEventEx(array)
	/home/g/glouder/eklektikab24/public_html/bitrix/modules/main/classes/general/main.php:3358
#5: CAllMain->EndBufferContent(string, integer)
	
#6: ob_end_flush()
	/home/g/glouder/eklektikab24/public_html/bitrix/modules/main/classes/general/main.php:3643
#7: CAllMain::{closure}()
	
----------

2025-08-02 00:18:54 - Host: b24.amiiya.ru - LOW_PRIORITY_ERROR - [ErrorException] E_WARNING
String offset cast occurred (0)
/home/g/glouder/eklektikab24/public_html/bitrix/modules/sproduction.datasync/include.php:1
#0: include_once(string)
	/home/g/glouder/eklektikab24/public_html/bitrix/modules/main/lib/loader.php:187
#1: Bitrix\Main\Loader::includeModuleInternal(string)
	/home/g/glouder/eklektikab24/public_html/bitrix/modules/main/lib/loader.php:143
#2: Bitrix\Main\Loader::includeModule(string)
	/home/g/glouder/eklektikab24/public_html/bitrix/modules/main/classes/general/module.php:153
#3: CModule::IncludeModule(string)
	/home/g/glouder/eklektikab24/public_html/bitrix/modules/main/tools.php:5218
#4: ExecuteModuleEventEx(array)
	/home/g/glouder/eklektikab24/public_html/bitrix/modules/main/classes/general/main.php:3358
#5: CAllMain->EndBufferContent(string, integer)
	
#6: ob_end_flush()
	/home/g/glouder/eklektikab24/public_html/bitrix/modules/main/classes/general/main.php:3643
#7: CAllMain::{closure}()
	
----------

2025-08-02 00:18:54 - Host: b24.amiiya.ru - LOW_PRIORITY_ERROR - [ErrorException] E_WARNING
String offset cast occurred (0)
/home/g/glouder/eklektikab24/public_html/bitrix/modules/sproduction.datasync/include.php:1
#0: include_once(string)
	/home/g/glouder/eklektikab24/public_html/bitrix/modules/main/lib/loader.php:187
#1: Bitrix\Main\Loader::includeModuleInternal(string)
	/home/g/glouder/eklektikab24/public_html/bitrix/modules/main/lib/loader.php:143
#2: Bitrix\Main\Loader::includeModule(string)
	/home/g/glouder/eklektikab24/public_html/bitrix/modules/main/classes/general/module.php:153
#3: CModule::IncludeModule(string)
	/home/g/glouder/eklektikab24/public_html/bitrix/modules/main/tools.php:5218
#4: ExecuteModuleEventEx(array)
	/home/g/glouder/eklektikab24/public_html/bitrix/modules/main/classes/general/main.php:3358
#5: CAllMain->EndBufferContent(string, integer)
	
#6: ob_end_flush()
	/home/g/glouder/eklektikab24/public_html/bitrix/modules/main/classes/general/main.php:3643
#7: CAllMain::{closure}()
	
----------

2025-08-02 00:18:54 - Host: b24.amiiya.ru - LOW_PRIORITY_ERROR - [ErrorException] E_WARNING
String offset cast occurred (0)
/home/g/glouder/eklektikab24/public_html/bitrix/modules/sproduction.datasync/include.php:1
#0: include_once(string)
	/home/g/glouder/eklektikab24/public_html/bitrix/modules/main/lib/loader.php:187
#1: Bitrix\Main\Loader::includeModuleInternal(string)
	/home/g/glouder/eklektikab24/public_html/bitrix/modules/main/lib/loader.php:143
#2: Bitrix\Main\Loader::includeModule(string)
	/home/g/glouder/eklektikab24/public_html/bitrix/modules/main/classes/general/module.php:153
#3: CModule::IncludeModule(string)
	/home/g/glouder/eklektikab24/public_html/bitrix/modules/main/tools.php:5218
#4: ExecuteModuleEventEx(array)
	/home/g/glouder/eklektikab24/public_html/bitrix/modules/main/classes/general/main.php:3358
#5: CAllMain->EndBufferContent(string, integer)
	
#6: ob_end_flush()
	/home/g/glouder/eklektikab24/public_html/bitrix/modules/main/classes/general/main.php:3643
#7: CAllMain::{closure}()
	
----------

2025-08-02 00:18:54 - Host: b24.amiiya.ru - LOW_PRIORITY_ERROR - [ErrorException] E_WARNING
String offset cast occurred (0)
/home/g/glouder/eklektikab24/public_html/bitrix/modules/sproduction.datasync/include.php:1
#0: include_once(string)
	/home/g/glouder/eklektikab24/public_html/bitrix/modules/main/lib/loader.php:187
#1: Bitrix\Main\Loader::includeModuleInternal(string)
	/home/g/glouder/eklektikab24/public_html/bitrix/modules/main/lib/loader.php:143
#2: Bitrix\Main\Loader::includeModule(string)
	/home/g/glouder/eklektikab24/public_html/bitrix/modules/main/classes/general/module.php:153
#3: CModule::IncludeModule(string)
	/home/g/glouder/eklektikab24/public_html/bitrix/modules/main/tools.php:5218
#4: ExecuteModuleEventEx(array)
	/home/g/glouder/eklektikab24/public_html/bitrix/modules/main/classes/general/main.php:3358
#5: CAllMain->EndBufferContent(string, integer)
	
#6: ob_end_flush()
	/home/g/glouder/eklektikab24/public_html/bitrix/modules/main/classes/general/main.php:3643
#7: CAllMain::{closure}()
	
----------

2025-08-02 00:18:54 - Host: b24.amiiya.ru - LOW_PRIORITY_ERROR - [ErrorException] E_WARNING
String offset cast occurred (0)
/home/g/glouder/eklektikab24/public_html/bitrix/modules/sproduction.datasync/include.php:1
#0: include_once(string)
	/home/g/glouder/eklektikab24/public_html/bitrix/modules/main/lib/loader.php:187
#1: Bitrix\Main\Loader::includeModuleInternal(string)
	/home/g/glouder/eklektikab24/public_html/bitrix/modules/main/lib/loader.php:143
#2: Bitrix\Main\Loader::includeModule(string)
	/home/g/glouder/eklektikab24/public_html/bitrix/modules/main/classes/general/module.php:153
#3: CModule::IncludeModule(string)
	/home/g/glouder/eklektikab24/public_html/bitrix/modules/main/tools.php:5218
#4: ExecuteModuleEventEx(array)
	/home/g/glouder/eklektikab24/public_html/bitrix/modules/main/classes/general/main.php:3358
#5: CAllMain->EndBufferContent(string, integer)
	
#6: ob_end_flush()
	/home/g/glouder/eklektikab24/public_html/bitrix/modules/main/classes/general/main.php:3643
#7: CAllMain::{closure}()
	
----------

2025-08-02 00:18:54 - Host: b24.amiiya.ru - LOW_PRIORITY_ERROR - [ErrorException] E_WARNING
String offset cast occurred (0)
/home/g/glouder/eklektikab24/public_html/bitrix/modules/sproduction.datasync/include.php:1
#0: include_once(string)
	/home/g/glouder/eklektikab24/public_html/bitrix/modules/main/lib/loader.php:187
#1: Bitrix\Main\Loader::includeModuleInternal(string)
	/home/g/glouder/eklektikab24/public_html/bitrix/modules/main/lib/loader.php:143
#2: Bitrix\Main\Loader::includeModule(string)
	/home/g/glouder/eklektikab24/public_html/bitrix/modules/main/classes/general/module.php:153
#3: CModule::IncludeModule(string)
	/home/g/glouder/eklektikab24/public_html/bitrix/modules/main/tools.php:5218
#4: ExecuteModuleEventEx(array)
	/home/g/glouder/eklektikab24/public_html/bitrix/modules/main/classes/general/main.php:3358
#5: CAllMain->EndBufferContent(string, integer)
	
#6: ob_end_flush()
	/home/g/glouder/eklektikab24/public_html/bitrix/modules/main/classes/general/main.php:3643
#7: CAllMain::{closure}()
	
----------

2025-08-02 00:18:54 - Host: b24.amiiya.ru - LOW_PRIORITY_ERROR - [ErrorException] E_WARNING
String offset cast occurred (0)
/home/g/glouder/eklektikab24/public_html/bitrix/modules/sproduction.datasync/include.php:1
#0: include_once(string)
	/home/g/glouder/eklektikab24/public_html/bitrix/modules/main/lib/loader.php:187
#1: Bitrix\Main\Loader::includeModuleInternal(string)
	/home/g/glouder/eklektikab24/public_html/bitrix/modules/main/lib/loader.php:143
#2: Bitrix\Main\Loader::includeModule(string)
	/home/g/glouder/eklektikab24/public_html/bitrix/modules/main/classes/general/module.php:153
#3: CModule::IncludeModule(string)
	/home/g/glouder/eklektikab24/public_html/bitrix/modules/main/tools.php:5218
#4: ExecuteModuleEventEx(array)
	/home/g/glouder/eklektikab24/public_html/bitrix/modules/main/classes/general/main.php:3358
#5: CAllMain->EndBufferContent(string, integer)
	
#6: ob_end_flush()
	/home/g/glouder/eklektikab24/public_html/bitrix/modules/main/classes/general/main.php:3643
#7: CAllMain::{closure}()
	
----------

2025-08-02 00:18:54 - Host: b24.amiiya.ru - LOW_PRIORITY_ERROR - [ErrorException] E_WARNING
String offset cast occurred (0)
/home/g/glouder/eklektikab24/public_html/bitrix/modules/sproduction.datasync/include.php:1
#0: include_once(string)
	/home/g/glouder/eklektikab24/public_html/bitrix/modules/main/lib/loader.php:187
#1: Bitrix\Main\Loader::includeModuleInternal(string)
	/home/g/glouder/eklektikab24/public_html/bitrix/modules/main/lib/loader.php:143
#2: Bitrix\Main\Loader::includeModule(string)
	/home/g/glouder/eklektikab24/public_html/bitrix/modules/main/classes/general/module.php:153
#3: CModule::IncludeModule(string)
	/home/g/glouder/eklektikab24/public_html/bitrix/modules/main/tools.php:5218
#4: ExecuteModuleEventEx(array)
	/home/g/glouder/eklektikab24/public_html/bitrix/modules/main/classes/general/main.php:3358
#5: CAllMain->EndBufferContent(string, integer)
	
#6: ob_end_flush()
	/home/g/glouder/eklektikab24/public_html/bitrix/modules/main/classes/general/main.php:3643
#7: CAllMain::{closure}()
	
----------

2025-08-02 00:18:54 - Host: b24.amiiya.ru - LOW_PRIORITY_ERROR - [ErrorException] E_WARNING
String offset cast occurred (0)
/home/g/glouder/eklektikab24/public_html/bitrix/modules/sproduction.datasync/include.php:1
#0: include_once(string)
	/home/g/glouder/eklektikab24/public_html/bitrix/modules/main/lib/loader.php:187
#1: Bitrix\Main\Loader::includeModuleInternal(string)
	/home/g/glouder/eklektikab24/public_html/bitrix/modules/main/lib/loader.php:143
#2: Bitrix\Main\Loader::includeModule(string)
	/home/g/glouder/eklektikab24/public_html/bitrix/modules/main/classes/general/module.php:153
#3: CModule::IncludeModule(string)
	/home/g/glouder/eklektikab24/public_html/bitrix/modules/main/tools.php:5218
#4: ExecuteModuleEventEx(array)
	/home/g/glouder/eklektikab24/public_html/bitrix/modules/main/classes/general/main.php:3358
#5: CAllMain->EndBufferContent(string, integer)
	
#6: ob_end_flush()
	/home/g/glouder/eklektikab24/public_html/bitrix/modules/main/classes/general/main.php:3643
#7: CAllMain::{closure}()
	
----------

2025-08-02 00:18:54 - Host: b24.amiiya.ru - LOW_PRIORITY_ERROR - [ErrorException] E_WARNING
String offset cast occurred (0)
/home/g/glouder/eklektikab24/public_html/bitrix/modules/sproduction.datasync/include.php:1
#0: include_once(string)
	/home/g/glouder/eklektikab24/public_html/bitrix/modules/main/lib/loader.php:187
#1: Bitrix\Main\Loader::includeModuleInternal(string)
	/home/g/glouder/eklektikab24/public_html/bitrix/modules/main/lib/loader.php:143
#2: Bitrix\Main\Loader::includeModule(string)
	/home/g/glouder/eklektikab24/public_html/bitrix/modules/main/classes/general/module.php:153
#3: CModule::IncludeModule(string)
	/home/g/glouder/eklektikab24/public_html/bitrix/modules/main/tools.php:5218
#4: ExecuteModuleEventEx(array)
	/home/g/glouder/eklektikab24/public_html/bitrix/modules/main/classes/general/main.php:3358
#5: CAllMain->EndBufferContent(string, integer)
	
#6: ob_end_flush()
	/home/g/glouder/eklektikab24/public_html/bitrix/modules/main/classes/general/main.php:3643
#7: CAllMain::{closure}()
	
----------

2025-08-02 00:18:54 - Host: b24.amiiya.ru - LOW_PRIORITY_ERROR - [ErrorException] E_WARNING
String offset cast occurred (0)
/home/g/glouder/eklektikab24/public_html/bitrix/modules/sproduction.datasync/include.php:1
#0: include_once(string)
	/home/g/glouder/eklektikab24/public_html/bitrix/modules/main/lib/loader.php:187
#1: Bitrix\Main\Loader::includeModuleInternal(string)
	/home/g/glouder/eklektikab24/public_html/bitrix/modules/main/lib/loader.php:143
#2: Bitrix\Main\Loader::includeModule(string)
	/home/g/glouder/eklektikab24/public_html/bitrix/modules/main/classes/general/module.php:153
#3: CModule::IncludeModule(string)
	/home/g/glouder/eklektikab24/public_html/bitrix/modules/main/tools.php:5218
#4: ExecuteModuleEventEx(array)
	/home/g/glouder/eklektikab24/public_html/bitrix/modules/main/classes/general/main.php:3358
#5: CAllMain->EndBufferContent(string, integer)
	
#6: ob_end_flush()
	/home/g/glouder/eklektikab24/public_html/bitrix/modules/main/classes/general/main.php:3643
#7: CAllMain::{closure}()
	
----------

2025-08-02 00:18:54 - Host: b24.amiiya.ru - LOW_PRIORITY_ERROR - [ErrorException] E_WARNING
String offset cast occurred (0)
/home/g/glouder/eklektikab24/public_html/bitrix/modules/sproduction.datasync/include.php:1
#0: include_once(string)
	/home/g/glouder/eklektikab24/public_html/bitrix/modules/main/lib/loader.php:187
#1: Bitrix\Main\Loader::includeModuleInternal(string)
	/home/g/glouder/eklektikab24/public_html/bitrix/modules/main/lib/loader.php:143
#2: Bitrix\Main\Loader::includeModule(string)
	/home/g/glouder/eklektikab24/public_html/bitrix/modules/main/classes/general/module.php:153
#3: CModule::IncludeModule(string)
	/home/g/glouder/eklektikab24/public_html/bitrix/modules/main/tools.php:5218
#4: ExecuteModuleEventEx(array)
	/home/g/glouder/eklektikab24/public_html/bitrix/modules/main/classes/general/main.php:3358
#5: CAllMain->EndBufferContent(string, integer)
	
#6: ob_end_flush()
	/home/g/glouder/eklektikab24/public_html/bitrix/modules/main/classes/general/main.php:3643
#7: CAllMain::{closure}()
	
----------

2025-08-02 00:18:54 - Host: b24.amiiya.ru - LOW_PRIORITY_ERROR - [ErrorException] E_WARNING
String offset cast occurred (0)
/home/g/glouder/eklektikab24/public_html/bitrix/modules/sproduction.datasync/include.php:1
#0: include_once(string)
	/home/g/glouder/eklektikab24/public_html/bitrix/modules/main/lib/loader.php:187
#1: Bitrix\Main\Loader::includeModuleInternal(string)
	/home/g/glouder/eklektikab24/public_html/bitrix/modules/main/lib/loader.php:143
#2: Bitrix\Main\Loader::includeModule(string)
	/home/g/glouder/eklektikab24/public_html/bitrix/modules/main/classes/general/module.php:153
#3: CModule::IncludeModule(string)
	/home/g/glouder/eklektikab24/public_html/bitrix/modules/main/tools.php:5218
#4: ExecuteModuleEventEx(array)
	/home/g/glouder/eklektikab24/public_html/bitrix/modules/main/classes/general/main.php:3358
#5: CAllMain->EndBufferContent(string, integer)
	
#6: ob_end_flush()
	/home/g/glouder/eklektikab24/public_html/bitrix/modules/main/classes/general/main.php:3643
#7: CAllMain::{closure}()
	
----------

2025-08-02 00:18:54 - Host: b24.amiiya.ru - LOW_PRIORITY_ERROR - [ErrorException] E_WARNING
String offset cast occurred (0)
/home/g/glouder/eklektikab24/public_html/bitrix/modules/sproduction.datasync/include.php:1
#0: include_once(string)
	/home/g/glouder/eklektikab24/public_html/bitrix/modules/main/lib/loader.php:187
#1: Bitrix\Main\Loader::includeModuleInternal(string)
	/home/g/glouder/eklektikab24/public_html/bitrix/modules/main/lib/loader.php:143
#2: Bitrix\Main\Loader::includeModule(string)
	/home/g/glouder/eklektikab24/public_html/bitrix/modules/main/classes/general/module.php:153
#3: CModule::IncludeModule(string)
	/home/g/glouder/eklektikab24/public_html/bitrix/modules/main/tools.php:5218
#4: ExecuteModuleEventEx(array)
	/home/g/glouder/eklektikab24/public_html/bitrix/modules/main/classes/general/main.php:3358
#5: CAllMain->EndBufferContent(string, integer)
	
#6: ob_end_flush()
	/home/g/glouder/eklektikab24/public_html/bitrix/modules/main/classes/general/main.php:3643
#7: CAllMain::{closure}()
	
----------

2025-08-02 00:18:54 - Host: b24.amiiya.ru - LOW_PRIORITY_ERROR - [ErrorException] E_WARNING
String offset cast occurred (0)
/home/g/glouder/eklektikab24/public_html/bitrix/modules/sproduction.datasync/include.php:1
#0: include_once(string)
	/home/g/glouder/eklektikab24/public_html/bitrix/modules/main/lib/loader.php:187
#1: Bitrix\Main\Loader::includeModuleInternal(string)
	/home/g/glouder/eklektikab24/public_html/bitrix/modules/main/lib/loader.php:143
#2: Bitrix\Main\Loader::includeModule(string)
	/home/g/glouder/eklektikab24/public_html/bitrix/modules/main/classes/general/module.php:153
#3: CModule::IncludeModule(string)
	/home/g/glouder/eklektikab24/public_html/bitrix/modules/main/tools.php:5218
#4: ExecuteModuleEventEx(array)
	/home/g/glouder/eklektikab24/public_html/bitrix/modules/main/classes/general/main.php:3358
#5: CAllMain->EndBufferContent(string, integer)
	
#6: ob_end_flush()
	/home/g/glouder/eklektikab24/public_html/bitrix/modules/main/classes/general/main.php:3643
#7: CAllMain::{closure}()
	
----------

2025-08-02 00:18:54 - Host: b24.amiiya.ru - LOW_PRIORITY_ERROR - [ErrorException] E_WARNING
Undefined variable $_1972607964 (0)
/home/g/glouder/eklektikab24/public_html/bitrix/modules/sproduction.datasync/include.php:1
#0: SProdDatasync::appendScriptsToPage()
	
#1: call_user_func_array(array, array)
	/home/g/glouder/eklektikab24/public_html/bitrix/modules/main/tools.php:5267
#2: ExecuteModuleEventEx(array)
	/home/g/glouder/eklektikab24/public_html/bitrix/modules/main/classes/general/main.php:3358
#3: CAllMain->EndBufferContent(string, integer)
	
#4: ob_end_flush()
	/home/g/glouder/eklektikab24/public_html/bitrix/modules/main/classes/general/main.php:3643
#5: CAllMain::{closure}()
	
----------

